<?xml version="1.0" encoding="UTF-8"?>
<!-- Generated by org.testng.reporters.JUnitReportReporter -->
<testsuite hostname="DESKTOP-0U7543P" failures="0" tests="1" name="com.viTrado.transaction.demo2" time="0.004" errors="0" timestamp="2024-01-29T13:43:35 IST" skipped="0">
  <testcase classname="com.viTrado.transaction.demo2" name="demo2Test" time="0.004"/>
  <system-out/>
</testsuite> <!-- com.viTrado.transaction.demo2 -->
