<?xml version="1.0" encoding="UTF-8"?>
<!-- Generated by org.testng.reporters.JUnitReportReporter -->
<testsuite hostname="DESKTOP-0U7543P" failures="0" tests="1" name="com.viTrado.transaction.demo3" time="0.024" errors="0" timestamp="2024-01-29T13:43:35 IST" skipped="0">
  <testcase classname="com.viTrado.transaction.demo3" name="demo3Test" time="0.024"/>
  <system-out/>
</testsuite> <!-- com.viTrado.transaction.demo3 -->
